<?xml version="1.0" encoding="UTF-8"?>
<testsuite xmlns:xsi="http://www.w3.org/2001/XMLSchema-instance" xsi:noNamespaceSchemaLocation="https://maven.apache.org/surefire/maven-surefire-plugin/xsd/surefire-test-report.xsd" name="com.fib.AppTest" time="0.044" tests="1" errors="0" skipped="0" failures="0">
  <properties>
    <property name="java.specification.version" value="17"/>
    <property name="sun.cpu.isalist" value="amd64"/>
    <property name="sun.jnu.encoding" value="Cp1252"/>
    <property name="java.class.path" value="C:\git\devops_projects\maven1_project\fib-app\target\test-classes;C:\git\devops_projects\maven1_project\fib-app\target\classes;C:\Users\brkr0\.m2\repository\junit\junit\4.11\junit-4.11.jar;C:\Users\brkr0\.m2\repository\org\hamcrest\hamcrest-core\1.3\hamcrest-core-1.3.jar;"/>
    <property name="java.vm.vendor" value="Oracle Corporation"/>
    <property name="sun.arch.data.model" value="64"/>
    <property name="user.variant" value=""/>
    <property name="java.vendor.url" value="https://java.oracle.com/"/>
    <property name="user.timezone" value="Asia/Calcutta"/>
    <property name="os.name" value="Windows 11"/>
    <property name="java.vm.specification.version" value="17"/>
    <property name="sun.java.launcher" value="SUN_STANDARD"/>
    <property name="user.country" value="IN"/>
    <property name="sun.boot.library.path" value="C:\Program Files\Java\jdk-17\bin"/>
    <property name="sun.java.command" value="C:\Users\brkr0\AppData\Local\Temp\surefire8772632288984016952\surefirebooter2383411208657279245.jar C:\Users\brkr0\AppData\Local\Temp\surefire8772632288984016952 2025-02-16T21-57-50_275-jvmRun1 surefire12408928151933810273tmp surefire_06376963320871775498tmp"/>
    <property name="jdk.debug" value="release"/>
    <property name="surefire.test.class.path" value="C:\git\devops_projects\maven1_project\fib-app\target\test-classes;C:\git\devops_projects\maven1_project\fib-app\target\classes;C:\Users\brkr0\.m2\repository\junit\junit\4.11\junit-4.11.jar;C:\Users\brkr0\.m2\repository\org\hamcrest\hamcrest-core\1.3\hamcrest-core-1.3.jar;"/>
    <property name="sun.cpu.endian" value="little"/>
    <property name="user.home" value="C:\Users\brkr0"/>
    <property name="user.language" value="en"/>
    <property name="java.specification.vendor" value="Oracle Corporation"/>
    <property name="java.version.date" value="2025-01-21"/>
    <property name="java.home" value="C:\Program Files\Java\jdk-17"/>
    <property name="file.separator" value="\"/>
    <property name="basedir" value="C:\git\devops_projects\maven1_project\fib-app"/>
    <property name="java.vm.compressedOopsMode" value="Zero based"/>
    <property name="line.separator" value="&#10;"/>
    <property name="java.vm.specification.vendor" value="Oracle Corporation"/>
    <property name="java.specification.name" value="Java Platform API Specification"/>
    <property name="surefire.real.class.path" value="C:\Users\brkr0\AppData\Local\Temp\surefire8772632288984016952\surefirebooter2383411208657279245.jar"/>
    <property name="user.script" value=""/>
    <property name="sun.management.compiler" value="HotSpot 64-Bit Tiered Compilers"/>
    <property name="java.runtime.version" value="17.0.14+8-LTS-191"/>
    <property name="user.name" value="meghana"/>
    <property name="path.separator" value=";"/>
    <property name="os.version" value="10.0"/>
    <property name="java.runtime.name" value="Java(TM) SE Runtime Environment"/>
    <property name="file.encoding" value="Cp1252"/>
    <property name="java.vm.name" value="Java HotSpot(TM) 64-Bit Server VM"/>
    <property name="localRepository" value="C:\Users\brkr0\.m2\repository"/>
    <property name="java.vendor.url.bug" value="https://bugreport.java.com/bugreport/"/>
    <property name="java.io.tmpdir" value="C:\Users\brkr0\AppData\Local\Temp\"/>
    <property name="java.version" value="17.0.14"/>
    <property name="user.dir" value="C:\git\devops_projects\maven1_project\fib-app"/>
    <property name="os.arch" value="amd64"/>
    <property name="java.vm.specification.name" value="Java Virtual Machine Specification"/>
    <property name="sun.os.patch.level" value=""/>
    <property name="native.encoding" value="Cp1252"/>
    <property name="java.library.path" value="C:\Program Files\Java\jdk-17\bin;C:\WINDOWS\Sun\Java\bin;C:\WINDOWS\system32;C:\WINDOWS;C:\Python312\Scripts\;C:\Python312\;C:\Program Files\Common Files\Oracle\Java\javapath;C:\WINDOWS\system32;C:\WINDOWS;C:\WINDOWS\System32\WindowsPowerShell\v1.0\;C:\WINDOWS\System32\OpenSSH\;C:\Program Files\dotnet\;C:\MinGW\bin;C:\Program Files\nodejs\;C:\Program Files\Amazon\AWSCLIV2\;C:\Program Files\apache-maven-3.9.9\bin;C:\Program Files\Java\jdk-17\bin;C:\gradle-8.12.1\bin;C:\Users\brkr0\AppData\Local\Programs\Git\bin;C:\Users\brkr0\AppData\Local\Programs\Python\Python313\Scripts\;C:\Users\brkr0\AppData\Local\Programs\Python\Python313\;C:\Users\brkr0\anaconda3;C:\Users\brkr0\anaconda3\Library\mingw-w64\bin;C:\Users\brkr0\anaconda3\Library\usr\bin;C:\Users\brkr0\anaconda3\Library\bin;C:\Users\brkr0\anaconda3\Scripts;C:\Users\brkr0\miniconda3;C:\Users\brkr0\miniconda3\Library\mingw-w64\bin;C:\Users\brkr0\miniconda3\Library\usr\bin;C:\Users\brkr0\miniconda3\Library\bin;C:\Users\brkr0\miniconda3\Scripts;C:\Users\brkr0\AppData\Local\Programs\Python\Launcher\;C:\Users\brkr0\AppData\Local\Microsoft\WindowsApps;C:\Users\brkr0\OneDrive\Desktop\java\IntelliJ IDEA Community Edition 2023.2.3\bin;;C:\Users\brkr0\AppData\Roaming\npm;C:\Users\brkr0\AppData\Local\Microsoft\WinGet\Packages\Schniz.fnm_Microsoft.Winget.Source_8wekyb3d8bbwe;C:\Users\brkr0\AppData\Local\Programs\Microsoft VS Code\bin;C:\Users\brkr0\AppData\Local\GitHubDesktop\bin;C:\Users\brkr0\AppData\Local\Programs\Git\cmd;c:\Users\brkr0\AppData\Roaming\Code\User\globalStorage\github.copilot-chat\debugCommand;."/>
    <property name="java.vm.info" value="mixed mode, sharing"/>
    <property name="java.vendor" value="Oracle Corporation"/>
    <property name="java.vm.version" value="17.0.14+8-LTS-191"/>
    <property name="java.specification.maintenance.version" value="1"/>
    <property name="sun.io.unicode.encoding" value="UnicodeLittle"/>
    <property name="java.class.version" value="61.0"/>
  </properties>
  <testcase name="shouldAnswerWithTrue" classname="com.fib.AppTest" time="0.002"/>
</testsuite>